[ 2016-04-09T10:07:37+08:00 ] 192.168.168.103 /thinkphp_study/jg_push/index.php/home/Jpush/sendMessage?registerId=
INFO: [ app_init ] --START--
INFO: Run Behavior\BuildLiteBehavior [ RunTime:0.000000s ]
INFO: [ app_init ] --END-- [ RunTime:0.001000s ]
INFO: [ app_begin ] --START--
INFO: Run Behavior\ReadHtmlCacheBehavior [ RunTime:0.001000s ]
INFO: [ app_begin ] --END-- [ RunTime:0.001000s ]
NOTIC: [8] Undefined index: type D:\wamp\www\thinkphp_study\jg_push\Application\Home\Controller\JpushController.class.php 第 92 行.
ERR: cannot find user by this audience

[ 2016-04-09T15:25:07+08:00 ] 192.168.168.103 /thinkphp_study/jg_push/index.php/home/Jpush/sendMessage?registerId=
INFO: [ app_init ] --START--
INFO: Run Behavior\BuildLiteBehavior [ RunTime:0.000000s ]
INFO: [ app_init ] --END-- [ RunTime:0.001000s ]
INFO: [ app_begin ] --START--
INFO: Run Behavior\ReadHtmlCacheBehavior [ RunTime:0.011000s ]
INFO: [ app_begin ] --END-- [ RunTime:0.011000s ]
NOTIC: [8] Undefined index: text D:\wamp\www\thinkphp_study\jg_push\Application\Home\Controller\JpushController.class.php 第 91 行.
ERR: Invalid alert value

[ 2016-04-09T15:51:40+08:00 ] 192.168.168.103 /thinkphp_study/jg_push/index.php/home/Jpush/sendMessage
INFO: [ app_init ] --START--
INFO: Run Behavior\BuildLiteBehavior [ RunTime:0.001000s ]
INFO: [ app_init ] --END-- [ RunTime:0.001000s ]
INFO: [ app_begin ] --START--
INFO: Run Behavior\ReadHtmlCacheBehavior [ RunTime:0.001000s ]
INFO: [ app_begin ] --END-- [ RunTime:0.001000s ]

[ 2016-04-09T15:55:35+08:00 ] 192.168.168.103 /thinkphp_study/jg_push/index.php/home/Jpush/sendMessage
INFO: [ app_init ] --START--
INFO: Run Behavior\BuildLiteBehavior [ RunTime:0.001000s ]
INFO: [ app_init ] --END-- [ RunTime:0.001000s ]
INFO: [ app_begin ] --START--
INFO: Run Behavior\ReadHtmlCacheBehavior [ RunTime:0.002001s ]
INFO: [ app_begin ] --END-- [ RunTime:0.002001s ]
NOTIC: [8] Undefined index: registerId D:\wamp\www\thinkphp_study\jg_push\Application\Home\Controller\JpushController.class.php 第 97 行.
ERR: Invalid registration_id value

[ 2016-04-09T15:57:06+08:00 ] 192.168.168.103 /thinkphp_study/jg_push/index.php/home/Jpush/sendMessage
INFO: [ app_init ] --START--
INFO: Run Behavior\BuildLiteBehavior [ RunTime:0.000000s ]
INFO: [ app_init ] --END-- [ RunTime:0.002000s ]
INFO: [ app_begin ] --START--
INFO: Run Behavior\ReadHtmlCacheBehavior [ RunTime:0.000000s ]
INFO: [ app_begin ] --END-- [ RunTime:0.002000s ]
NOTIC: [8] Undefined index: registerId D:\wamp\www\thinkphp_study\jg_push\Application\Home\Controller\JpushController.class.php 第 97 行.
ERR: Invalid registration_id value

[ 2016-04-09T15:57:47+08:00 ] 192.168.168.103 /thinkphp_study/jg_push/index.php/home/Jpush/sendMessage
INFO: [ app_init ] --START--
INFO: Run Behavior\BuildLiteBehavior [ RunTime:0.000000s ]
INFO: [ app_init ] --END-- [ RunTime:0.001000s ]
INFO: [ app_begin ] --START--
INFO: Run Behavior\ReadHtmlCacheBehavior [ RunTime:0.001000s ]
INFO: [ app_begin ] --END-- [ RunTime:0.001000s ]
NOTIC: [8] Undefined index: registerId D:\wamp\www\thinkphp_study\jg_push\Application\Home\Controller\JpushController.class.php 第 97 行.
ERR: Invalid registration_id value

[ 2016-04-09T15:59:36+08:00 ] 192.168.168.103 /thinkphp_study/jg_push/index.php/home/Jpush/sendMessage
INFO: [ app_init ] --START--
INFO: Run Behavior\BuildLiteBehavior [ RunTime:0.000000s ]
INFO: [ app_init ] --END-- [ RunTime:0.000000s ]
INFO: [ app_begin ] --START--
INFO: Run Behavior\ReadHtmlCacheBehavior [ RunTime:0.001000s ]
INFO: [ app_begin ] --END-- [ RunTime:0.001000s ]
NOTIC: [8] Undefined index: registerId D:\wamp\www\thinkphp_study\jg_push\Application\Home\Controller\JpushController.class.php 第 97 行.
ERR: Invalid registration_id value

[ 2016-04-09T16:05:37+08:00 ] 192.168.168.103 /thinkphp_study/jg_push/index.php/home/Jpush/sendMessage
INFO: [ app_init ] --START--
INFO: Run Behavior\BuildLiteBehavior [ RunTime:0.000000s ]
INFO: [ app_init ] --END-- [ RunTime:0.000000s ]
INFO: [ app_begin ] --START--
INFO: Run Behavior\ReadHtmlCacheBehavior [ RunTime:0.000000s ]
INFO: [ app_begin ] --END-- [ RunTime:0.001000s ]

[ 2016-04-09T16:07:40+08:00 ] 192.168.168.103 /thinkphp_study/jg_push/index.php/home/Jpush/sendMessage
INFO: [ app_init ] --START--
INFO: Run Behavior\BuildLiteBehavior [ RunTime:0.000000s ]
INFO: [ app_init ] --END-- [ RunTime:0.001000s ]
INFO: [ app_begin ] --START--
INFO: Run Behavior\ReadHtmlCacheBehavior [ RunTime:0.001000s ]
INFO: [ app_begin ] --END-- [ RunTime:0.001000s ]
NOTIC: [8] Undefined variable: br D:\wamp\www\thinkphp_study\jg_push\Application\Home\Controller\JpushController.class.php 第 100 行.
INFO: [ app_end ] --START--
INFO: Run Behavior\ShowPageTraceBehavior [ RunTime:0.026002s ]
INFO: [ app_end ] --END-- [ RunTime:0.026002s ]

[ 2016-04-09T16:09:51+08:00 ] 192.168.168.103 /thinkphp_study/jg_push/index.php/home/Jpush/sendMessage
INFO: [ app_init ] --START--
INFO: Run Behavior\BuildLiteBehavior [ RunTime:0.000000s ]
INFO: [ app_init ] --END-- [ RunTime:0.001000s ]
INFO: [ app_begin ] --START--
INFO: Run Behavior\ReadHtmlCacheBehavior [ RunTime:0.001000s ]
INFO: [ app_begin ] --END-- [ RunTime:0.001000s ]
NOTIC: [8] Undefined variable: br D:\wamp\www\thinkphp_study\jg_push\Application\Home\Controller\JpushController.class.php 第 100 行.
INFO: [ app_end ] --START--
INFO: Run Behavior\ShowPageTraceBehavior [ RunTime:0.001000s ]
INFO: [ app_end ] --END-- [ RunTime:0.001000s ]

[ 2016-04-09T16:15:50+08:00 ] 192.168.168.103 /thinkphp_study/jg_push/index.php/home/Jpush/sendMessage
INFO: [ app_init ] --START--
INFO: Run Behavior\BuildLiteBehavior [ RunTime:0.000000s ]
INFO: [ app_init ] --END-- [ RunTime:0.000000s ]
INFO: [ app_begin ] --START--
INFO: Run Behavior\ReadHtmlCacheBehavior [ RunTime:0.001000s ]
INFO: [ app_begin ] --END-- [ RunTime:0.001000s ]
NOTIC: [8] Undefined variable: br D:\wamp\www\thinkphp_study\jg_push\Application\Home\Controller\JpushController.class.php 第 100 行.
INFO: [ app_end ] --START--
INFO: Run Behavior\ShowPageTraceBehavior [ RunTime:0.001000s ]
INFO: [ app_end ] --END-- [ RunTime:0.001000s ]

[ 2016-04-09T16:20:27+08:00 ] 192.168.168.103 /thinkphp_study/jg_push/index.php/home/Jpush/sendMessage
INFO: [ app_init ] --START--
INFO: Run Behavior\BuildLiteBehavior [ RunTime:0.000000s ]
INFO: [ app_init ] --END-- [ RunTime:0.001000s ]
INFO: [ app_begin ] --START--
INFO: Run Behavior\ReadHtmlCacheBehavior [ RunTime:0.001000s ]
INFO: [ app_begin ] --END-- [ RunTime:0.001000s ]
NOTIC: [8] Undefined variable: br D:\wamp\www\thinkphp_study\jg_push\Application\Home\Controller\JpushController.class.php 第 100 行.
INFO: [ app_end ] --START--
INFO: Run Behavior\ShowPageTraceBehavior [ RunTime:0.001000s ]
INFO: [ app_end ] --END-- [ RunTime:0.001000s ]

[ 2016-04-09T16:23:59+08:00 ] 192.168.168.103 /thinkphp_study/jg_push/index.php/home/Jpush/sendMessage
INFO: [ app_init ] --START--
INFO: Run Behavior\BuildLiteBehavior [ RunTime:0.000000s ]
INFO: [ app_init ] --END-- [ RunTime:0.001000s ]
INFO: [ app_begin ] --START--
INFO: Run Behavior\ReadHtmlCacheBehavior [ RunTime:0.001000s ]
INFO: [ app_begin ] --END-- [ RunTime:0.001000s ]
NOTIC: [8] Undefined variable: br D:\wamp\www\thinkphp_study\jg_push\Application\Home\Controller\JpushController.class.php 第 100 行.
INFO: [ app_end ] --START--
INFO: Run Behavior\ShowPageTraceBehavior [ RunTime:0.001000s ]
INFO: [ app_end ] --END-- [ RunTime:0.001000s ]

[ 2016-04-09T16:29:15+08:00 ] 192.168.168.103 /thinkphp_study/jg_push/index.php/home/Jpush/sendMessage
INFO: [ app_init ] --START--
INFO: Run Behavior\BuildLiteBehavior [ RunTime:0.000000s ]
INFO: [ app_init ] --END-- [ RunTime:0.001000s ]
INFO: [ app_begin ] --START--
INFO: Run Behavior\ReadHtmlCacheBehavior [ RunTime:0.001000s ]
INFO: [ app_begin ] --END-- [ RunTime:0.001000s ]
NOTIC: [8] Undefined variable: br D:\wamp\www\thinkphp_study\jg_push\Application\Home\Controller\JpushController.class.php 第 100 行.
INFO: [ app_end ] --START--
INFO: Run Behavior\ShowPageTraceBehavior [ RunTime:0.001000s ]
INFO: [ app_end ] --END-- [ RunTime:0.001000s ]

[ 2016-04-09T16:43:15+08:00 ] 192.168.168.103 /thinkphp_study/jg_push/index.php/home/Jpush/sendMessage?registerId=00019a622d3&type=jiesuan
INFO: [ app_init ] --START--
INFO: Run Behavior\BuildLiteBehavior [ RunTime:0.000000s ]
INFO: [ app_init ] --END-- [ RunTime:0.001000s ]
INFO: [ app_begin ] --START--
INFO: Run Behavior\ReadHtmlCacheBehavior [ RunTime:0.001000s ]
INFO: [ app_begin ] --END-- [ RunTime:0.001000s ]
NOTIC: [8] Undefined index: registerId D:\wamp\www\thinkphp_study\jg_push\Application\Home\Controller\JpushController.class.php 第 96 行.
ERR: Invalid registration_id value

